<?xml version="1.0" encoding="UTF-8"?>
<coverage generated="1731686131062" clover="3.2.0">
  <project timestamp="1731686131062" name="All files">
    <metrics statements="13" coveredstatements="7" conditionals="1" coveredconditionals="0" methods="3" coveredmethods="1" elements="17" coveredelements="8" complexity="0" loc="13" ncloc="13" packages="1" files="1" classes="1"/>
    <file name="activities.ts" path="/Users/patryk/Workspace/webamigos/smartrag/smartrag-app/src/temporal/src/activities.ts">
      <metrics statements="13" coveredstatements="7" conditionals="1" coveredconditionals="0" methods="3" coveredmethods="1"/>
      <line num="1" count="2" type="stmt"/>
      <line num="7" count="2" type="stmt"/>
      <line num="10" count="1" type="stmt"/>
      <line num="11" count="1" type="stmt"/>
      <line num="12" count="1" type="stmt"/>
      <line num="15" count="2" type="stmt"/>
      <line num="18" count="0" type="stmt"/>
      <line num="19" count="0" type="stmt"/>
      <line num="20" count="0" type="stmt"/>
      <line num="24" count="2" type="stmt"/>
      <line num="25" count="0" type="cond" truecount="0" falsecount="1"/>
      <line num="26" count="0" type="stmt"/>
      <line num="28" count="0" type="stmt"/>
    </file>
  </project>
</coverage>
