{
  "/Users/patryk/Workspace/webamigos/smartrag/smartrag-app/src/temporal/src/activities.ts": {
    "path": "/Users/patryk/Workspace/webamigos/smartrag/smartrag-app/src/temporal/src/activities.ts",
    "statementMap": {
      "0": {
        "start": { "line": 1, "column": 0 },
        "end": { "line": 1, "column": 49 }
      },
      "1": {
        "start": { "line": 7, "column": 43 },
        "end": { "line": 13, "column": 1 }
      },
      "2": {
        "start": { "line": 10, "column": 18 },
        "end": { "line": 10, "column": 44 }
      },
      "3": {
        "start": { "line": 11, "column": 2 },
        "end": { "line": 11, "column": 76 }
      },
      "4": {
        "start": { "line": 12, "column": 2 },
        "end": { "line": 12, "column": 68 }
      },
      "5": {
        "start": { "line": 7, "column": 13 },
        "end": { "line": 7, "column": 43 }
      },
      "6": {
        "start": { "line": 15, "column": 38 },
        "end": { "line": 21, "column": 1 }
      },
      "7": {
        "start": { "line": 18, "column": 18 },
        "end": { "line": 18, "column": 44 }
      },
      "8": {
        "start": { "line": 19, "column": 2 },
        "end": { "line": 19, "column": 71 }
      },
      "9": {
        "start": { "line": 20, "column": 2 },
        "end": { "line": 20, "column": 58 }
      },
      "10": {
        "start": { "line": 15, "column": 13 },
        "end": { "line": 15, "column": 38 }
      },
      "11": {
        "start": { "line": 24, "column": 27 },
        "end": { "line": 29, "column": 1 }
      },
      "12": {
        "start": { "line": 25, "column": 2 },
        "end": { "line": 27, "column": 3 }
      },
      "13": {
        "start": { "line": 26, "column": 4 },
        "end": { "line": 26, "column": 14 }
      },
      "14": {
        "start": { "line": 28, "column": 2 },
        "end": { "line": 28, "column": 13 }
      },
      "15": {
        "start": { "line": 24, "column": 13 },
        "end": { "line": 24, "column": 27 }
      }
    },
    "fnMap": {
      "0": {
        "name": "(anonymous_6)",
        "decl": {
          "start": { "line": 7, "column": 43 },
          "end": { "line": 7, "column": 48 }
        },
        "loc": {
          "start": { "line": 9, "column": 56 },
          "end": { "line": 13, "column": 1 }
        }
      },
      "1": {
        "name": "(anonymous_7)",
        "decl": {
          "start": { "line": 15, "column": 38 },
          "end": { "line": 15, "column": 43 }
        },
        "loc": {
          "start": { "line": 17, "column": 51 },
          "end": { "line": 21, "column": 1 }
        }
      },
      "2": {
        "name": "(anonymous_8)",
        "decl": {
          "start": { "line": 24, "column": 27 },
          "end": { "line": 24, "column": 32 }
        },
        "loc": {
          "start": { "line": 24, "column": 50 },
          "end": { "line": 29, "column": 1 }
        }
      }
    },
    "branchMap": {
      "0": {
        "loc": {
          "start": { "line": 25, "column": 2 },
          "end": { "line": 27, "column": 3 }
        },
        "type": "if",
        "locations": [
          {
            "start": { "line": 25, "column": 2 },
            "end": { "line": 27, "column": 3 }
          }
        ]
      }
    },
    "s": {
      "0": 2,
      "1": 2,
      "2": 1,
      "3": 1,
      "4": 1,
      "5": 2,
      "6": 2,
      "7": 0,
      "8": 0,
      "9": 0,
      "10": 2,
      "11": 2,
      "12": 0,
      "13": 0,
      "14": 0,
      "15": 2
    },
    "f": { "0": 1, "1": 0, "2": 0 },
    "b": { "0": [0] }
  }
}
