{
  "/Users/patryk/Workspace/webamigos/ragen/ragen-app/temporal/src/activities.ts": {
    "path": "/Users/patryk/Workspace/webamigos/ragen/ragen-app/temporal/src/activities.ts",
    "statementMap": {
      "0": {
        "start": { "line": 1, "column": 0 },
        "end": { "line": 1, "column": 49 }
      },
      "1": {
        "start": { "line": 7, "column": 43 },
        "end": { "line": 13, "column": 1 }
      },
      "2": {
        "start": { "line": 10, "column": 18 },
        "end": { "line": 10, "column": 44 }
      },
      "3": {
        "start": { "line": 11, "column": 2 },
        "end": { "line": 11, "column": 76 }
      },
      "4": {
        "start": { "line": 12, "column": 2 },
        "end": { "line": 12, "column": 68 }
      },
      "5": {
        "start": { "line": 7, "column": 13 },
        "end": { "line": 7, "column": 43 }
      },
      "6": {
        "start": { "line": 15, "column": 38 },
        "end": { "line": 21, "column": 1 }
      },
      "7": {
        "start": { "line": 18, "column": 18 },
        "end": { "line": 18, "column": 44 }
      },
      "8": {
        "start": { "line": 19, "column": 2 },
        "end": { "line": 19, "column": 71 }
      },
      "9": {
        "start": { "line": 20, "column": 2 },
        "end": { "line": 20, "column": 58 }
      },
      "10": {
        "start": { "line": 15, "column": 13 },
        "end": { "line": 15, "column": 38 }
      },
      "11": {
        "start": { "line": 24, "column": 2 },
        "end": { "line": 24, "column": 43 }
      },
      "12": {
        "start": { "line": 28, "column": 33 },
        "end": { "line": 39, "column": 1 }
      },
      "13": {
        "start": { "line": 33, "column": 18 },
        "end": { "line": 33, "column": 44 }
      },
      "14": {
        "start": { "line": 34, "column": 20 },
        "end": { "line": 34, "column": 52 }
      },
      "15": {
        "start": { "line": 35, "column": 2 },
        "end": { "line": 37, "column": 5 }
      },
      "16": {
        "start": { "line": 38, "column": 2 },
        "end": { "line": 38, "column": 56 }
      },
      "17": {
        "start": { "line": 28, "column": 13 },
        "end": { "line": 28, "column": 33 }
      }
    },
    "fnMap": {
      "0": {
        "name": "(anonymous_6)",
        "decl": {
          "start": { "line": 7, "column": 43 },
          "end": { "line": 7, "column": 48 }
        },
        "loc": {
          "start": { "line": 9, "column": 56 },
          "end": { "line": 13, "column": 1 }
        }
      },
      "1": {
        "name": "(anonymous_7)",
        "decl": {
          "start": { "line": 15, "column": 38 },
          "end": { "line": 15, "column": 43 }
        },
        "loc": {
          "start": { "line": 17, "column": 51 },
          "end": { "line": 21, "column": 1 }
        }
      },
      "2": {
        "name": "randomNumber",
        "decl": {
          "start": { "line": 23, "column": 9 },
          "end": { "line": 23, "column": 21 }
        },
        "loc": {
          "start": { "line": 23, "column": 46 },
          "end": { "line": 25, "column": 1 }
        }
      },
      "3": {
        "name": "(anonymous_9)",
        "decl": {
          "start": { "line": 28, "column": 33 },
          "end": { "line": 28, "column": 38 }
        },
        "loc": {
          "start": { "line": 32, "column": 22 },
          "end": { "line": 39, "column": 1 }
        }
      }
    },
    "branchMap": {},
    "s": {
      "0": 1,
      "1": 1,
      "2": 1,
      "3": 1,
      "4": 1,
      "5": 1,
      "6": 1,
      "7": 0,
      "8": 0,
      "9": 0,
      "10": 1,
      "11": 1,
      "12": 1,
      "13": 1,
      "14": 1,
      "15": 1,
      "16": 1,
      "17": 1
    },
    "f": { "0": 1, "1": 0, "2": 1, "3": 1 },
    "b": {}
  }
}
